<?xml version="1.0" encoding="UTF-8"?>
<!-- Generated by org.testng.reporters.JUnitXMLReporter -->
<testsuite hostname="DESKTOP-5TJH2O6" ignored="0" name="Basic tests" tests="6" failures="0" timestamp="08 Jan 2018 10:25:03 GMT" time="0.259" errors="0">
  <testcase name="login1" time="0.052" classname="abcd.File1"/>
  <testcase name="login2" time="0.007" classname="abcd.File1"/>
  <testcase name="login3" time="0.005" classname="abcd.File1"/>
  <testcase name="signup1" time="0.002" classname="abcd.File2"/>
  <testcase name="signup2" time="0.008" classname="abcd.File2"/>
  <testcase name="signup3" time="0.002" classname="abcd.File2"/>
</testsuite> <!-- Basic tests -->
