<?xml version="1.0" encoding="UTF-8"?>
<testng-results skipped="0" failed="0" ignored="0" total="3" passed="3">
  <reporter-output>
  </reporter-output>
  <suite name="Basic Functional TestSuite" duration-ms="54" started-at="2018-01-08T12:06:36Z" finished-at="2018-01-08T12:06:36Z">
    <groups>
      <group name="performance">
        <method signature="File9.feature1()[pri:0, instance:abcd.File9@20e2cbe0]" name="feature1" class="abcd.File9"/>
        <method signature="File9.feature3()[pri:0, instance:abcd.File9@20e2cbe0]" name="feature3" class="abcd.File9"/>
      </group> <!-- performance -->
      <group name="regresion">
        <method signature="File9.feature2()[pri:0, instance:abcd.File9@20e2cbe0]" name="feature2" class="abcd.File9"/>
        <method signature="File9.feature3()[pri:0, instance:abcd.File9@20e2cbe0]" name="feature3" class="abcd.File9"/>
      </group> <!-- regresion -->
    </groups>
    <test name="Basic tests" duration-ms="54" started-at="2018-01-08T12:06:36Z" finished-at="2018-01-08T12:06:36Z">
      <class name="abcd.File9">
        <test-method status="PASS" signature="feature1()[pri:0, instance:abcd.File9@20e2cbe0]" name="feature1" duration-ms="13" started-at="2018-01-08T17:36:36Z" finished-at="2018-01-08T17:36:36Z">
          <reporter-output>
          </reporter-output>
        </test-method> <!-- feature1 -->
        <test-method status="PASS" signature="feature2()[pri:0, instance:abcd.File9@20e2cbe0]" name="feature2" duration-ms="2" started-at="2018-01-08T17:36:36Z" finished-at="2018-01-08T17:36:36Z">
          <reporter-output>
          </reporter-output>
        </test-method> <!-- feature2 -->
        <test-method status="PASS" signature="feature3()[pri:0, instance:abcd.File9@20e2cbe0]" name="feature3" duration-ms="2" started-at="2018-01-08T17:36:36Z" finished-at="2018-01-08T17:36:36Z">
          <reporter-output>
          </reporter-output>
        </test-method> <!-- feature3 -->
      </class> <!-- abcd.File9 -->
    </test> <!-- Basic tests -->
  </suite> <!-- Basic Functional TestSuite -->
</testng-results>
